"../../../Engine/Content/Functions/Engine_MaterialFunctions01/Opacity/CameraDepthFade.uasset" 0
"../../../Engine/Content/EngineMaterials/T_Default_Material_Grid_M.uasset" 1
"../../../Engine/Content/EngineMaterials/T_Default_Material_Grid_N.uasset" 2
"../../../Engine/Content/EngineMaterials/DefaultMaterial.uasset" 3
"../../../Engine/Content/BasicShapes/Cone.uasset" 4
"../../../Engine/Content/BasicShapes/Sphere.uasset" 5
"../../../Engine/Content/EditorLandscapeResources/DataLayer.uasset" 6
"../../../Engine/Content/EditorMaterials/GizmoMaterial.uasset" 7
"../../../Engine/Content/EditorMaterials/MAT_Groups_Toggle.uasset" 8
"../../../Engine/Content/EditorMaterials/MAT_Groups_Visibility.uasset" 9
"../../../Engine/Content/EditorMaterials/PreviewShadowIndicator.uasset" 10
"../../../Engine/Content/EditorMaterials/PreviewShadowIndicatorMaterial.uasset" 11
"../../../Engine/Content/EditorMaterials/AssetViewer/EpicQuadPanorama_CC+EV1.uasset" 12
"../../../Engine/Content/EditorMaterials/MatineeGroups/MAT_ColorTrack.uasset" 13
"../../../Engine/Content/EditorMaterials/MatineeGroups/MAT_Groups_Anim.uasset" 14
"../../../Engine/Content/EditorMaterials/MatineeGroups/MAT_Groups_AudioMaster.uasset" 15
"../../../Engine/Content/EditorMaterials/MatineeGroups/MAT_Groups_Director.uasset" 16
"../../../Engine/Content/EditorMaterials/MatineeGroups/MAT_Groups_Event.uasset" 17
"../../../Engine/Content/EditorMaterials/MatineeGroups/MAT_Groups_Fade.uasset" 18
"../../../Engine/Content/EditorMaterials/MatineeGroups/MAT_Groups_Float.uasset" 19
"../../../Engine/Content/EditorMaterials/MatineeGroups/MAT_Groups_Move.uasset" 20
"../../../Engine/Content/EditorMaterials/MatineeGroups/MAT_Groups_Slomo.uasset" 21
"../../../Engine/Content/EditorMaterials/MatineeGroups/MAT_Groups_Sound.uasset" 22
"../../../Engine/Content/EditorMaterials/MatineeGroups/MAT_Groups_Vector.uasset" 23
"../../../Engine/Content/EditorMaterials/ParticleSystems/PSysThumbnail_NoImage.uasset" 24
"../../../Engine/Content/EditorMaterials/ParticleSystems/PSysThumbnail_OOD.uasset" 25
"../../../Engine/Content/EditorMaterials/Camera/CineMat.uasset" 26
"../../../Engine/Content/EditorMaterials/Camera/MI_CineMat_Rig.uasset" 27
"../../../Engine/Content/EditorMeshes/Camera/SM_CraneRig_Arm.uasset" 28
"../../../Engine/Content/EditorMeshes/Camera/SM_CraneRig_Base.uasset" 29
"../../../Engine/Content/EditorMeshes/Camera/SM_CraneRig_Body.uasset" 30
"../../../Engine/Content/EditorMeshes/Camera/SM_CraneRig_Mount.uasset" 31
"../../../Engine/Content/EditorMeshes/Camera/SM_RailRig_Mount.uasset" 32
"../../../Engine/Content/EditorMeshes/Camera/SM_RailRig_Track.uasset" 33
"../../../Engine/Content/EditorMeshes/ColorCalibrator/M_ChromeBall.uasset" 34
"../../../Engine/Content/EditorMeshes/ColorCalibrator/M_ClearCoat.uasset" 35
"../../../Engine/Content/EditorMeshes/ColorCalibrator/M_ClearCoatBlack.uasset" 36
"../../../Engine/Content/EditorMeshes/ColorCalibrator/T_ColorGrid.uasset" 37
"../../../Engine/Content/EditorMeshes/ColorCalibrator/M_ColorGrid.uasset" 38
"../../../Engine/Content/EditorMeshes/ColorCalibrator/M_GreyBall.uasset" 39
"../../../Engine/Content/EditorMeshes/ColorCalibrator/SM_ColorCalibrator.uasset" 40
"../../../Engine/Content/EditorResources/BSPVertex.uasset" 41
"../../../Engine/Content/EditorResources/EmptyActor.uasset" 42
"../../../Engine/Content/EditorResources/RGBTable16x1_AssetViewer.uasset" 43
"../../../Engine/Content/EditorResources/S_Actor.uasset" 44
"../../../Engine/Content/EditorResources/S_Trigger.uasset" 45
"../../../Engine/Content/EditorResources/LightIcons/S_LightError.uasset" 46
"../../../Engine/Content/EditorSounds/Notifications/CompileFailed.uasset" 47
"../../../Engine/Content/EditorSounds/Notifications/CompileFailed_Cue.uasset" 48
"../../../Engine/Content/EditorSounds/Notifications/CompileSuccess.uasset" 49
"../../../Engine/Content/EditorSounds/Notifications/CompileStart_Cue.uasset" 50
"../../../Engine/Content/EditorSounds/Notifications/CompileSuccess_Cue.uasset" 51
"../../../Engine/Content/EngineDamageTypes/DmgTypeBP_Environmental.uasset" 52
"../../../Engine/Content/EngineDebugMaterials/HeatmapGradient.uasset" 53
"../../../Engine/Content/EngineDebugMaterials/BoneWeightMaterial.uasset" 54
"../../../Engine/Content/EngineDebugMaterials/DebugMeshMaterial.uasset" 55
"../../../Engine/Content/EngineDebugMaterials/GeomMaterial.uasset" 56
"../../../Engine/Content/EngineFonts/Faces/RobotoBold.uasset" 57
"../../../Engine/Content/EngineFonts/Faces/RobotoBoldItalic.uasset" 58
"../../../Engine/Content/EngineFonts/Faces/RobotoItalic.uasset" 59
"../../../Engine/Content/EngineFonts/Faces/RobotoLight.uasset" 60
"../../../Engine/Content/EngineFonts/Faces/RobotoRegular.uasset" 61
"../../../Engine/Content/EngineFonts/Roboto.uasset" 62
"../../../Engine/Content/EngineFonts/Faces/RobotoTiny.uasset" 63
"../../../Engine/Content/EngineFonts/RobotoTiny.uasset" 64
"../../../Engine/Content/EngineMaterials/DefaultBokeh.uasset" 65
"../../../Engine/Content/EngineMaterials/DefaultDiffuse.uasset" 66
"../../../Engine/Content/EngineMaterials/DefaultDeferredDecalMaterial.uasset" 67
"../../../Engine/Content/EngineMaterials/DefaultLightFunctionMaterial.uasset" 68
"../../../Engine/Content/Functions/Engine_MaterialFunctions02/Utility/BreakOutFloat2Components.uasset" 69
"../../../Engine/Content/EngineMaterials/DefaultPostProcessMaterial.uasset" 70
"../../../Engine/Content/EngineFonts/RobotoDistanceField.uasset" 71
"../../../Engine/Content/EngineMaterials/DefaultTextMaterialOpaque.uasset" 72
"../../../Engine/Content/EngineMaterials/EditorBrushMaterial.uasset" 73
"../../../Engine/Content/EngineMaterials/Good64x64TilingNoiseHighFreq.uasset" 74
"../../../Engine/Content/EngineMaterials/InvalidLightmapSettings.uasset" 75
"../../../Engine/Content/EngineMaterials/M_InvalidLightmapSettings.uasset" 76
"../../../Engine/Content/EngineMaterials/MiniFont.uasset" 77
"../../../Engine/Content/EngineMaterials/PhAT_JointLimitMaterial.uasset" 78
"../../../Engine/Content/EngineMaterials/PreintegratedSkinBRDF.uasset" 79
"../../../Engine/Content/EngineMaterials/RemoveSurfaceMaterial.uasset" 80
"../../../Engine/Content/EngineMaterials/WeightMapPlaceholderTexture.uasset" 81
"../../../Engine/Content/EngineResources/WhiteSquareTexture.uasset" 82
"../../../Engine/Content/EngineMaterials/Widget3DPassThrough.uasset" 83
"../../../Engine/Content/EngineMaterials/Widget3DPassThrough_Masked.uasset" 84
"../../../Engine/Content/EngineMaterials/Widget3DPassThrough_Opaque.uasset" 85
"../../../Engine/Content/EngineMaterials/Widget3DPassThrough_Masked_OneSided.uasset" 86
"../../../Engine/Content/EngineMaterials/Widget3DPassThrough_Opaque_OneSided.uasset" 87
"../../../Engine/Content/EngineMaterials/Widget3DPassThrough_Translucent.uasset" 88
"../../../Engine/Content/EngineMaterials/Widget3DPassThrough_Translucent_OneSided.uasset" 89
"../../../Engine/Content/EngineMeshes/Cube.uasset" 90
"../../../Engine/Content/EngineMeshes/Cylinder.uasset" 91
"../../../Engine/Content/EngineMeshes/Sphere.uasset" 92
"../../../Engine/Content/EngineResources/Black.uasset" 93
"../../../Engine/Content/EngineResources/DefaultTexture.uasset" 94
"../../../Engine/Content/EngineResources/DefaultTextureCube.uasset" 95
"../../../Engine/Content/EngineResources/GradientTexture0.uasset" 96
"../../../Engine/Content/EngineSounds/Master.uasset" 97
"../../../Engine/Content/Functions/Engine_MaterialFunctions01/Shading/ConvertFromDiffSpec.uasset" 98
"../../../Engine/Content/Functions/Engine_MaterialFunctions01/Shading/PowerToRoughness.uasset" 99
"../../../Engine/Content/Maps/Templates/Thumbnails/Default.uasset" 100
"../../../Engine/Content/Maps/Templates/Thumbnails/VR-Basic.uasset" 101
"../../../Engine/Content/MobileResources/T_MobileControls_texture.uasset" 102
"../../../Engine/Content/MobileResources/T_MobileMenu2.uasset" 103
"../../../Engine/Content/MobileResources/HUD/AnalogHat.uasset" 104
"../../../Engine/Content/MobileResources/HUD/VirtualJoystick_Background.uasset" 105
"../../../Engine/Content/MobileResources/HUD/VirtualJoystick_Thumb.uasset" 106
"../../../Engine/Content/MobileResources/HUD/DefaultVirtualJoysticks.uasset" 107
"../../../Engine/Content/MobileResources/HUD/LeftVirtualJoystickOnly.uasset" 108
"../../../Engine/Content/MobileResources/HUD/MobileHUDButton1_off.uasset" 109
"../../../Engine/Content/MobileResources/HUD/MobileHUDButton1_on.uasset" 110
"../../../Engine/Content/MobileResources/HUD/MobileHUDButton2_off.uasset" 111
"../../../Engine/Content/MobileResources/HUD/MobileHUDButton2_on.uasset" 112
"../../../Engine/Content/MobileResources/HUD/MobileHUDButton3.uasset" 113
"../../../Engine/Content/MobileResources/HUD/MobileHUDButtonFire.uasset" 114
"../../../Engine/Content/MobileResources/HUD/MobileHUDDirectionPad.uasset" 115
"../../../Engine/Content/MobileResources/HUD/MobileHUDDirectionPad2.uasset" 116
"../../../Engine/Content/MobileResources/HUD/MobileHUDDirectionPad3.uasset" 117
"../../../Engine/Content/MobileResources/HUD/MobileHUDDirectionStick.uasset" 118
"../../../Engine/Content/MobileResources/HUD/T_Castle_ThumbstickInner.uasset" 119
"../../../Engine/Content/MobileResources/HUD/T_Castle_ThumbstickOutter.uasset" 120
"../../../Engine/Content/Tutorial/ContentIntroCurve.uasset" 121
"../../../Engine/Content/Tutorial/Basics/TutorialAssets/icon_tab_Levels_40x.uasset" 122
"../../../Engine/Content/Tutorial/BlueprintTutorials/TutorialAssets/Blueprint_64x.uasset" 123
"../../../Engine/Content/Tutorial/BlueprintTutorials/TutorialAssets/BlueprintInterface_64x.uasset" 124
"../../../Engine/Content/Tutorial/BlueprintTutorials/TutorialAssets/BlueprintMacroLibrary_64x.uasset" 125
"../../../Engine/Content/Tutorial/BlueprintTutorials/TutorialAssets/Tutorial_BP_Interface.uasset" 126
"../../../Engine/Content/Tutorial/Foliage/TutorialAssets/Foliage.uasset" 127
"../../../Engine/Content/Tutorial/Landscape/TutorialAssets/Landscape.uasset" 128
"../../../Engine/Content/Tutorial/Paper2D/TutorialAssets/Paper2DFlipbook_TutorialIcon.uasset" 129
"../../../Engine/Content/Tutorial/Paper2D/TutorialAssets/Paper2DSprite_TutorialIcon.uasset" 130
"../../../Engine/Content/Tutorial/SubEditors/TutorialAssets/icon_Editor_Preferences_General_40x.uasset" 131
"../../../Engine/Content/Tutorial/SubEditors/TutorialAssets/icon_ShowSkeletalMeshes_40x.uasset" 132
"../../../Engine/Content/EngineMaterials/WorldGridMaterial.uasset" 133
"../../../Engine/Content/EditorMeshes/EditorCube.uasset" 134
"../../../Engine/Content/Tutorial/SubEditors/TutorialAssets/Tutorial_DM.uasset" 135
"../../../Engine/Content/Tutorial/SubEditors/TutorialAssets/TutorialMaterial.uasset" 136
"../../../Engine/Content/Tutorial/SubEditors/TutorialAssets/T_SmokeSubUV_8X8.uasset" 137
"../../../Engine/Content/Tutorial/SubEditors/TutorialAssets/T_soft_smoke.uasset" 138
"../../../Engine/Content/Tutorial/SubEditors/TutorialAssets/M_smoke_subUV_blackbody.uasset" 139
"../../../Engine/Content/Tutorial/SubEditors/TutorialAssets/TutorialParticleSystem.uasset" 140
"../../../Engine/Content/VREditor/Devices/Generic/GenericHMDMaterial.uasset" 141
"../../../Engine/Content/VREditor/Devices/Generic/GenericHMD.uasset" 142
"../../../Engine/Content/VREditor/FloatingText/LineMaterial.uasset" 143
"../../../Engine/Content/VREditor/FloatingText/JointSphere.uasset" 144
"../../../Engine/Content/VREditor/FloatingText/LineSegmentCylinder.uasset" 145
"../../../Engine/Content/VREditor/Fonts/VRText_RobotoLarge.uasset" 146
"../../../Engine/Content/VREditor/Fonts/VRTextMaterial.uasset" 147
"../../../Engine/Content/VREditor/Fonts/TranslucentVRTextMaterial.uasset" 148
"../../../Engine/Content/VREditor/LaserPointer/VR_LaserPower_01.uasset" 149
"../../../Engine/Content/VREditor/LaserPointer/LaserPointerMaterial.uasset" 150
"../../../Engine/Content/VREditor/LaserPointer/LaserPointerMaterialInst.uasset" 151
"../../../Engine/Content/VREditor/LaserPointer/TranslucentLaserPointerMaterialInst.uasset" 152
"../../../Engine/Content/VREditor/LaserPointer/LaserPointerMesh.uasset" 153
"../../../Engine/Content/VREditor/Sounds/VR_grab_Cue.uasset" 154
"../../../Engine/Content/VREditor/Sounds/VR_teleport_Cue.uasset" 155
"../../../Engine/Content/VREditor/TransformGizmo/TransformGizmoMaterial.uasset" 156
"../../../Engine/Content/VREditor/TransformGizmo/TranslucentTransformGizmoMaterial.uasset" 157
"../../../Engine/Content/VREditor/TransformGizmo/BoundingBoxCorner.uasset" 158
"../../../Engine/Content/VREditor/TransformGizmo/BoundingBoxEdge.uasset" 159
"../../../Engine/Content/VREditor/TransformGizmo/PlaneTranslationHandle.uasset" 160
"../../../Engine/Content/VREditor/TransformGizmo/RotationHandle.uasset" 161
"../../../Engine/Content/VREditor/TransformGizmo/RotationHandleFull.uasset" 162
"../../../Engine/Content/VREditor/TransformGizmo/StretchingHandle.uasset" 163
"../../../Engine/Content/VREditor/TransformGizmo/TranslateHandleLong.uasset" 164
"../../../Engine/Content/VREditor/TransformGizmo/TranslationHandle.uasset" 165
"../../../Engine/Content/VREditor/TransformGizmo/UniformScaleHandle.uasset" 166
"../../../Engine/Content/VREditor/UI/CloseButtonMesh.uasset" 167
"../../../Engine/Content/VREditor/UI/SelectionBarMesh.uasset" 168
"../../../Engine/Content/Functions/Engine_MaterialFunctions01/Gradient/RadialGradient.uasset" 169
"../../../Engine/Content/VREditor/WorldMovementGrid/SimpleGrid.uasset" 170
"../../../Engine/Content/VREditor/WorldMovementGrid/GridMaterial.uasset" 171
"../../../Engine/Content/Functions/Engine_MaterialFunctions01/Density/ExponentialDensity.uasset" 172
"../../../Engine/Content/VREditor/WorldMovementGrid/GridPostProcess.uasset" 173
"../../../Engine/Content/EditorLandscapeResources/FlattenHeightMat.uasset" 174
"../../../Engine/Content/VREditor/WorldMovementGrid/PlaneMesh.uasset" 175
"../../../GameJam2K17/Content/Assets/10-motivational-posters-teamwork.uasset" 176
"../../../GameJam2K17/Content/Assets/554297444-Motivational-Self-Positive-font-b-Office-b-font-font-b-Quotes-b-font-font-b-Inspirational.uasset" 177
"../../../GameJam2K17/Content/Assets/firing.uasset" 178
"../../../GameJam2K17/Content/Assets/neonsign.uasset" 179
"../../../GameJam2K17/Content/Assets/start.uasset" 180
"../../../GameJam2K17/Content/Assets/tool-agile-poster-230x290.uasset" 181
"../../../Engine/Content/EditorBlueprintResources/StandardMacros.uasset" 182
"../../../GameJam2K17/Content/Blueprints/ButtonActivatable.uasset" 183
"../../../GameJam2K17/Content/ExampleContent/Blueprint_Communication/Textures/T_Lightbulb_M.uasset" 184
"../../../GameJam2K17/Content/ExampleContent/Blueprint_Communication/Materials/M_Light_Bulb_Base.uasset" 185
"../../../GameJam2K17/Content/ExampleContent/Blueprint_Communication/Materials/M_Light_Bulb_Glass.uasset" 186
"../../../GameJam2K17/Content/ExampleContent/Blueprint_Communication/Meshes/SM_Lightbulb.uasset" 187
"../../../GameJam2K17/Content/Blueprints/ActivatableLightBulb.uasset" 188
"../../../GameJam2K17/Content/DemoRoom/Textures/T_RoomTiles_M.uasset" 189
"../../../GameJam2K17/Content/DemoRoom/Textures/T_RoomTiles_N.uasset" 190
"../../../GameJam2K17/Content/DemoRoom/Materials/M_DemoRoomTiles.uasset" 191
"../../../GameJam2K17/Content/DemoRoom/Materials/M_Emissive.uasset" 192
"../../../GameJam2K17/Content/ExampleContent/Blueprints/Blueprints/BPI_Interactions.uasset" 193
"../../../GameJam2K17/Content/ExampleContent/Blueprints/Materials/M_Orange_Shiny.uasset" 194
"../../../GameJam2K17/Content/ExampleContent/Blueprints/Meshes/SM_Button.uasset" 195
"../../../GameJam2K17/Content/DemoRoom/Materials/M_DemoWall.uasset" 196
"../../../GameJam2K17/Content/ExampleContent/Audio/Physical_Materials/Rubber.uasset" 197
"../../../GameJam2K17/Content/DemoRoom/Materials/M_DemoWall_Inst.uasset" 198
"../../../GameJam2K17/Content/ExampleContent/Audio/Physical_Materials/Metal.uasset" 199
"../../../GameJam2K17/Content/DemoRoom/Materials/M_DemoWall_Inst_3.uasset" 200
"../../../GameJam2K17/Content/DemoRoom/Materials/M_DemoWall_Inst_NamePlate.uasset" 201
"../../../GameJam2K17/Content/ExampleContent/Blueprints/Meshes/SM_Button_Base.uasset" 202
"../../../GameJam2K17/Content/ExampleContent/Blueprints/Blueprints/BP_Button.uasset" 203
"../../../GameJam2K17/Content/ExampleContent/Blueprints/Blueprints/DoorButton.uasset" 204
"../../../GameJam2K17/Content/FirstPerson/Character/Textures/UE4_LOGO_CARD.uasset" 205
"../../../GameJam2K17/Content/FirstPerson/FPWeapon/Materials/MaterialLayers/ML_Plastic_Shiny_Beige_LOGO.uasset" 206
"../../../GameJam2K17/Content/FirstPerson/FPWeapon/Materials/MaterialLayers/T_ML_FineRubber.uasset" 207
"../../../GameJam2K17/Content/FirstPerson/FPWeapon/Mesh/SK_FPGun_PhysicsAsset.uasset" 208
"../../../GameJam2K17/Content/FirstPerson/Character/Mesh/SK_Mannequin_Arms_Skeleton.uasset" 209
"../../../GameJam2K17/Content/FirstPerson/Animations/FirstPerson_Idle.uasset" 210
"../../../GameJam2K17/Content/FirstPerson/Animations/FirstPerson_JumpEnd.uasset" 211
"../../../GameJam2K17/Content/FirstPerson/Animations/FirstPerson_JumpLoop.uasset" 212
"../../../GameJam2K17/Content/FirstPerson/Animations/FirstPerson_JumpStart.uasset" 213
"../../../GameJam2K17/Content/FirstPerson/Animations/FirstPerson_Run.uasset" 214
"../../../GameJam2K17/Content/FirstPerson/Animations/FirstPerson_AnimBP.uasset" 215
"../../../GameJam2K17/Content/FirstPerson/Animations/FirstPerson_Fire.uasset" 216
"../../../GameJam2K17/Content/FirstPerson/Animations/FirstPersonFire_Montage.uasset" 217
"../../../GameJam2K17/Content/FirstPerson/Meshes/BaseMaterial.uasset" 218
"../../../GameJam2K17/Content/FirstPerson/Meshes/FirstPersonProjectileMaterial.uasset" 219
"../../../GameJam2K17/Content/FirstPerson/Meshes/FirstPersonProjectileMesh.uasset" 220
"../../../GameJam2K17/Content/FirstPersonBP/Blueprints/FirstPersonProjectile.uasset" 221
"../../../GameJam2K17/Content/FirstPerson/Audio/FirstPersonTemplateWeaponFire02.uasset" 222
"../../../Engine/Content/Functions/Engine_MaterialFunctions02/Utility/BlendAngleCorrectedNormals.uasset" 223
"../../../Engine/Content/Functions/MaterialLayerFunctions/MatLayerBlend_NormalBlend.uasset" 224
"../../../Engine/Content/Functions/MaterialLayerFunctions/MatLayerBlend_Simple.uasset" 225
"../../../GameJam2K17/Content/FirstPerson/Character/Materials/MaterialLayers/T_ML_Rubber_Blue_01_D.uasset" 226
"../../../GameJam2K17/Content/FirstPerson/Character/Materials/MaterialLayers/T_ML_Rubber_Blue_01_N.uasset" 227
"../../../GameJam2K17/Content/FirstPerson/Character/Materials/MaterialLayers/ML_GlossyBlack_Latex_UE4.uasset" 228
"../../../GameJam2K17/Content/FirstPerson/Character/Materials/MaterialLayers/ML_Plastic_Shiny_Beige.uasset" 229
"../../../GameJam2K17/Content/FirstPerson/Character/Materials/MaterialLayers/ML_Plastic_Shiny_Beige_LOGO.uasset" 230
"../../../GameJam2K17/Content/FirstPerson/Character/Materials/MaterialLayers/T_ML_Aluminum01.uasset" 231
"../../../GameJam2K17/Content/FirstPerson/Character/Materials/MaterialLayers/T_ML_Aluminum01_N.uasset" 232
"../../../GameJam2K17/Content/FirstPerson/Character/Materials/MaterialLayers/ML_SoftMetal_UE4.uasset" 233
"../../../GameJam2K17/Content/FirstPerson/Character/Textures/UE4_Mannequin__normals.uasset" 234
"../../../GameJam2K17/Content/FirstPerson/Character/Textures/UE4_Mannequin_MAT_MASKA.uasset" 235
"../../../GameJam2K17/Content/FirstPerson/Character/Materials/M_UE4Man_Body.uasset" 236
"../../../GameJam2K17/Content/FirstPerson/Character/Mesh/SK_Mannequin_Arms_PhysicsAsset.uasset" 237
"../../../GameJam2K17/Content/FirstPerson/Character/Mesh/SK_Mannequin_Arms.uasset" 238
"../../../GameJam2K17/Content/FirstPerson/FPWeapon/Materials/MaterialLayers/T_ML_Rubber_Blue_01_D.uasset" 239
"../../../GameJam2K17/Content/FirstPerson/FPWeapon/Materials/MaterialLayers/T_ML_Rubber_Blue_01_N.uasset" 240
"../../../GameJam2K17/Content/FirstPerson/FPWeapon/Materials/MaterialLayers/ML_GlossyBlack_Latex_UE4.uasset" 241
"../../../GameJam2K17/Content/FirstPerson/FPWeapon/Materials/MaterialLayers/ML_Plastic_Shiny_Beige.uasset" 242
"../../../GameJam2K17/Content/FirstPerson/FPWeapon/Materials/MaterialLayers/ML_Screen.uasset" 243
"../../../GameJam2K17/Content/FirstPerson/FPWeapon/Materials/MaterialLayers/T_ML_Aluminum01.uasset" 244
"../../../GameJam2K17/Content/FirstPerson/FPWeapon/Materials/MaterialLayers/T_ML_Aluminum01_N.uasset" 245
"../../../GameJam2K17/Content/FirstPerson/FPWeapon/Materials/MaterialLayers/ML_SoftMetal_UE4.uasset" 246
"../../../GameJam2K17/Content/FirstPerson/FPWeapon/Textures/T_FPGun_M.uasset" 247
"../../../GameJam2K17/Content/FirstPerson/FPWeapon/Textures/T_FPGun_N.uasset" 248
"../../../GameJam2K17/Content/FirstPerson/FPWeapon/Materials/M_FPGun.uasset" 249
"../../../GameJam2K17/Content/FirstPerson/FPWeapon/Mesh/SK_FPGun_Skeleton.uasset" 250
"../../../GameJam2K17/Content/FirstPerson/FPWeapon/Mesh/SK_FPGun.uasset" 251
"../../../GameJam2K17/Content/FirstPersonBP/Blueprints/MultiplayerCharacter.uasset" 252
"../../../GameJam2K17/Content/Geometry/Meshes/CubeMaterial.uasset" 253
"../../../GameJam2K17/Content/Geometry/Meshes/1M_Cube_Chamfer.uasset" 254
"../../../GameJam2K17/Content/Geometry/Meshes/TemplateFloor.uasset" 255
"../../../GameJam2K17/Content/Maps/MainMenu_BuiltData.uasset" 256
"../../../GameJam2K17/Content/Office/Assets/computer.uasset" 257
"../../../GameJam2K17/Content/Office/Assets/CPU.uasset" 258
"../../../GameJam2K17/Content/Office/Assets/steel3.uasset" 259
"../../../GameJam2K17/Content/Office/Assets/woodTile.uasset" 260
"../../../GameJam2K17/Content/Office/Assets/Desk.uasset" 261
"../../../GameJam2K17/Content/Office/Assets/Keyboard.uasset" 262
"../../../GameJam2K17/Content/Office/Assets/Lamp.uasset" 263
"../../../GameJam2K17/Content/Office/Assets/Lamp_2_Bulb.uasset" 264
"../../../GameJam2K17/Content/Office/Assets/Lamp_2_Lamp.uasset" 265
"../../../GameJam2K17/Content/Office/Assets/Monitor.uasset" 266
"../../../GameJam2K17/Content/Office/Assets/Mouse.uasset" 267
"../../../GameJam2K17/Content/Office/Assets/Mousepad.uasset" 268
"../../../GameJam2K17/Content/Office/Assets/13_-_Default.uasset" 269
"../../../GameJam2K17/Content/Office/Assets/OfficeChair_2.uasset" 270
"../../../GameJam2K17/Content/Office/Assets/electronicTexture.uasset" 271
"../../../GameJam2K17/Content/Office/Assets/OfficePhone1.uasset" 272
"../../../GameJam2K17/Content/StarterContent/Textures/T_MacroVariation.uasset" 273
"../../../GameJam2K17/Content/StarterContent/Textures/T_Metal_Copper_D.uasset" 274
"../../../GameJam2K17/Content/StarterContent/Textures/T_Metal_Gold_N.uasset" 275
"../../../GameJam2K17/Content/StarterContent/Materials/M_Metal_Copper.uasset" 276
"../../../GameJam2K17/Content/StarterContent/Textures/T_Metal_Gold_D.uasset" 277
"../../../GameJam2K17/Content/StarterContent/Materials/M_Metal_Gold.uasset" 278
"../../../GameJam2K17/Content/StarterContent/Textures/T_Concrete_Tiles_M.uasset" 279
"../../../GameJam2K17/Content/StarterContent/Textures/T_Concrete_Tiles_M_Mat.uasset" 280
"../../../GameJam2K17/Content/StarterContent/Textures/T_Concrete_Tiles_D.uasset" 281
"../../../GameJam2K17/Content/StarterContent/Textures/T_Concrete_Tiles_N.uasset" 282
"../../../GameJam2K17/Content/StarterContent/Textures/T_Concrete_Tiles_Mat.uasset" 283
"../../../Engine/Plugins/2D/Paper2D/Content/DummySprite.uasset" 284
"../../../Engine/Plugins/2D/Paper2D/Content/DefaultPaperTerrainMaterial.uasset" 285
"../../../Engine/Plugins/2D/Paper2D/Content/DefaultSpriteMaterial.uasset" 286
"../../../Engine/Plugins/2D/Paper2D/Content/MaskedUnlitSpriteMaterial.uasset" 287
"../../../Engine/Plugins/2D/Paper2D/Content/OpaqueUnlitSpriteMaterial.uasset" 288
"../../../Engine/Plugins/2D/Paper2D/Content/PlaceholderTextures/DummySpriteTexture.uasset" 289
"../../../Engine/Content/EngineSky/C_Sky_Cloud_Color.uasset" 290
"../../../Engine/Content/EngineSky/C_Sky_Horizon_Color.uasset" 291
"../../../Engine/Content/EngineSky/C_Sky_Zenith_Color.uasset" 292
"../../../Engine/Content/EngineSky/T_Sky_Blue.uasset" 293
"../../../Engine/Content/EngineSky/T_Sky_Clouds_M.uasset" 294
"../../../Engine/Content/EngineSky/T_Sky_Stars.uasset" 295
"../../../Engine/Content/EngineSky/M_Sky_Panning_Clouds2.uasset" 296
"../../../Engine/Content/EngineSky/SM_SkySphere.uasset" 297
"../../../Engine/Content/EngineSky/BP_Sky_Sphere.uasset" 298
"../../../GameJam2K17/Content/Blueprints/MultiPlayerButton.uasset" 299
"../../../GameJam2K17/Content/DemoRoom/Textures/T_UE4_Logo_M.uasset" 300
"../../../GameJam2K17/Content/DemoRoom/Materials/M_UE4_Logo_Doors.uasset" 301
"../../../GameJam2K17/Content/DemoRoom/Materials/M_UE4_Logo_Door.uasset" 302
"../../../GameJam2K17/Content/DemoRoom/Textures/T_Pattern_M.uasset" 303
"../../../GameJam2K17/Content/DemoRoom/Materials/M_GlasDoor.uasset" 304
"../../../GameJam2K17/Content/DemoRoom/Materials/M_GlasDoor_Inst.uasset" 305
"../../../GameJam2K17/Content/DemoRoom/Meshes/SM_Door.uasset" 306
"../../../GameJam2K17/Content/DemoRoom/Meshes/SM_DoorLock.uasset" 307
"../../../GameJam2K17/Content/Blueprints/ActivatableDoors.uasset" 308
"../../../GameJam2K17/Content/AnimStarterPack/UE4_Mannequin/Mesh/UE4_Mannequin_Skeleton.uasset" 309
"../../../GameJam2K17/Content/AnimStarterPack/Idle_Rifle_Hip.uasset" 310
"../../../GameJam2K17/Content/AnimStarterPack/AnimPoses/Aim_Center_Down.uasset" 311
"../../../GameJam2K17/Content/AnimStarterPack/AnimPoses/Aim_Center_Up.uasset" 312
"../../../GameJam2K17/Content/AnimStarterPack/AnimPoses/Aim_Left_Center.uasset" 313
"../../../GameJam2K17/Content/AnimStarterPack/AnimPoses/Aim_Left_Down.uasset" 314
"../../../GameJam2K17/Content/AnimStarterPack/AnimPoses/Aim_Left_Up.uasset" 315
"../../../GameJam2K17/Content/AnimStarterPack/AnimPoses/Aim_Right_Center.uasset" 316
"../../../GameJam2K17/Content/AnimStarterPack/AnimPoses/Aim_Right_Down.uasset" 317
"../../../GameJam2K17/Content/AnimStarterPack/AnimPoses/Aim_Right_Up.uasset" 318
"../../../GameJam2K17/Content/AnimStarterPack/AnimPoses/Aim_Space_Center.uasset" 319
"../../../GameJam2K17/Content/AnimStarterPack/UE4_Mannequin/Mesh/UE4_Mannequin_Skeleton_AimOffset2D.uasset" 320
"../../../GameJam2K17/Content/AnimStarterPack/Crouch_Idle_Rifle_Hip.uasset" 321
"../../../GameJam2K17/Content/AnimStarterPack/Jump_From_Jog.uasset" 322
"../../../GameJam2K17/Content/AnimStarterPack/Jump_From_Stand.uasset" 323
"../../../GameJam2K17/Content/AnimStarterPack/Crouch_Walk_Bwd_Rifle_Hip.uasset" 324
"../../../GameJam2K17/Content/AnimStarterPack/Crouch_Walk_Fwd_Rifle_Hip.uasset" 325
"../../../GameJam2K17/Content/AnimStarterPack/Crouch_Walk_Lt_Rifle_Hip.uasset" 326
"../../../GameJam2K17/Content/AnimStarterPack/Crouch_Walk_Rt_Rifle_Hip.uasset" 327
"../../../GameJam2K17/Content/AnimStarterPack/BS_CrouchWalk.uasset" 328
"../../../GameJam2K17/Content/AnimStarterPack/Jog_Bwd_Rifle.uasset" 329
"../../../GameJam2K17/Content/AnimStarterPack/Jog_Fwd_Rifle.uasset" 330
"../../../GameJam2K17/Content/AnimStarterPack/Jog_Lt_Rifle.uasset" 331
"../../../GameJam2K17/Content/AnimStarterPack/Jog_Rt_Rifle.uasset" 332
"../../../GameJam2K17/Content/AnimStarterPack/BS_Jog.uasset" 333
"../../../GameJam2K17/Content/AnimStarterPack/UE4ASP_HeroTPP_AnimBlueprint.uasset" 334
"../../../Engine/Content/EditorBlueprintResources/ActorMacros.uasset" 335
"../../../GameJam2K17/Content/FirstPerson/Textures/T_MacroVariation.uasset" 336
"../../../GameJam2K17/Content/FirstPerson/Textures/T_Metal_Steel_D.uasset" 337
"../../../GameJam2K17/Content/FirstPerson/Textures/T_Metal_Steel_N.uasset" 338
"../../../GameJam2K17/Content/FirstPersonBP/Materials/M_Metal_Steel.uasset" 339
"../../../GameJam2K17/Content/Geometry/Meshes/1M_Cube.uasset" 340
"../../../GameJam2K17/Content/Inventory/BaseItem.uasset" 341
"../../../GameJam2K17/Content/FirstPersonBP/InventorySlot.uasset" 342
"../../../GameJam2K17/Content/FirstPersonBP/BaseInventory.uasset" 343
"../../../GameJam2K17/Content/FirstPersonBP/PlayerInfo.uasset" 344
"../../../GameJam2K17/Content/FirstPersonBP/PlayerSaveGame.uasset" 345
"../../../Engine/Content/Functions/MaterialLayerFunctions/MatLayerBlend_AO.uasset" 346
"../../../GameJam2K17/Content/AnimStarterPack/UE4_Mannequin/Materials/MaterialLayers/T_ML_Rubber_Blue_01_D.uasset" 347
"../../../GameJam2K17/Content/AnimStarterPack/UE4_Mannequin/Materials/MaterialLayers/T_ML_Rubber_Blue_01_N.uasset" 348
"../../../GameJam2K17/Content/AnimStarterPack/UE4_Mannequin/Materials/MaterialLayers/ML_GlossyBlack_Latex_UE4.uasset" 349
"../../../GameJam2K17/Content/AnimStarterPack/UE4_Mannequin/Materials/MaterialLayers/ML_Plastic_Shiny_Beige.uasset" 350
"../../../GameJam2K17/Content/AnimStarterPack/UE4_Mannequin/Textures/UE4_LOGO_CARD.uasset" 351
"../../../GameJam2K17/Content/AnimStarterPack/UE4_Mannequin/Materials/MaterialLayers/ML_Plastic_Shiny_Beige_LOGO.uasset" 352
"../../../GameJam2K17/Content/AnimStarterPack/UE4_Mannequin/Materials/MaterialLayers/T_ML_Aluminum01.uasset" 353
"../../../GameJam2K17/Content/AnimStarterPack/UE4_Mannequin/Materials/MaterialLayers/T_ML_Aluminum01_N.uasset" 354
"../../../GameJam2K17/Content/AnimStarterPack/UE4_Mannequin/Materials/MaterialLayers/ML_SoftMetal_UE4.uasset" 355
"../../../GameJam2K17/Content/AnimStarterPack/UE4_Mannequin/Textures/UE4_Mannequin__normals.uasset" 356
"../../../GameJam2K17/Content/AnimStarterPack/UE4_Mannequin/Textures/UE4_Mannequin_MAT_MASKA.uasset" 357
"../../../GameJam2K17/Content/AnimStarterPack/UE4_Mannequin/Textures/UE4_Mannequin_occlusion_Mobile.uasset" 358
"../../../GameJam2K17/Content/AnimStarterPack/UE4_Mannequin/Materials/M_UE4Man_Body.uasset" 359
"../../../GameJam2K17/Content/AnimStarterPack/UE4_Mannequin/Textures/UE4Man_Logo_N.uasset" 360
"../../../GameJam2K17/Content/AnimStarterPack/UE4_Mannequin/Materials/M_UE4Man_ChestLogo.uasset" 361
"../../../GameJam2K17/Content/AnimStarterPack/UE4_Mannequin/Mesh/SK_Mannequin_PhysicsAsset.uasset" 362
"../../../GameJam2K17/Content/AnimStarterPack/UE4_Mannequin/Mesh/SK_Mannequin.uasset" 363
"../../../GameJam2K17/Content/AnimStarterPack/Ue4ASP_Character.uasset" 364
"../../../GameJam2K17/Content/StarterContent/Textures/T_Tech_Hex_Tile_M.uasset" 365
"../../../GameJam2K17/Content/StarterContent/Textures/T_Tech_Hex_Tile_N.uasset" 366
"../../../GameJam2K17/Content/StarterContent/Materials/M_Tech_Hex_Tile_Pulse.uasset" 367
"../../../Engine/Content/BasicShapes/Cylinder.uasset" 368
"../../../GameJam2K17/Content/Blueprints/LaunchPad.uasset" 369
"../../../Engine/Content/Functions/Engine_MaterialFunctions01/Gradient/LinearGradient.uasset" 370
"../../../Engine/Content/Functions/Engine_MaterialFunctions01/ImageAdjustment/CheapContrast.uasset" 371
"../../../Engine/Content/Functions/Engine_MaterialFunctions01/Texturing/WorldAlignedTexture.uasset" 372
"../../../Engine/Content/EngineMaterials/DefaultWhiteGrid.uasset" 373
"../../../Engine/Content/EngineMaterials/Grid_N.uasset" 374
"../../../GameJam2K17/Content/Assets/Materials/M_LayoutMat.uasset" 375
"../../../GameJam2K17/Content/StarterContent/Materials/M_Basic_Floor.uasset" 376
"../../../GameJam2K17/Content/StarterContent/Textures/T_Concrete_Tiles_Variation_M.uasset" 377
"../../../GameJam2K17/Content/StarterContent/Materials/M_Concrete_Tiles.uasset" 378
"../../../Engine/Content/MapTemplates/SM_Template_Map_Floor.uasset" 379
"../../../GameJam2K17/Content/Maps/LaunchPad.umap" 380
"../../../GameJam2K17/Content/Maps/EndlessOffice_BuiltData.uasset" 381
"../../../GameJam2K17/Content/StarterContent/Textures/T_Metal_Steel_D.uasset" 382
"../../../GameJam2K17/Content/StarterContent/Textures/T_Metal_Steel_N.uasset" 383
"../../../GameJam2K17/Content/StarterContent/Materials/M_Metal_Steel.uasset" 384
"../../../Engine/Content/BasicShapes/Plane.uasset" 385
"../../../GameJam2K17/Content/Office/FullDesk.uasset" 386
"../../../GameJam2K17/Content/Maps/EndlessOffice.umap" 387
"../../../GameJam2K17/Content/Maps/FacilityIntro.umap" 388
"../../../GameJam2K17/Content/Maps/landing_BuiltData.uasset" 389
"../../../GameJam2K17/Content/Assets/emittetx.uasset" 390
"../../../Engine/Content/EngineMaterials/DefaultPhysicalMaterial.uasset" 391
"../../../GameJam2K17/Content/Maps/landing.umap" 392
"../../../GameJam2K17/Content/ExampleContent/Blueprint_Communication/Materials/M_Button2.uasset" 393
"../../../GameJam2K17/Content/DemoRoom/Materials/M_Button_Chrome.uasset" 394
"../../../GameJam2K17/Content/DemoRoom/Materials/M_Button.uasset" 395
"../../../GameJam2K17/Content/DemoRoom/Materials/M_Button_Inst.uasset" 396
"../../../GameJam2K17/Content/DemoRoom/Meshes/SM_Button.uasset" 397
"../../../GameJam2K17/Content/ExampleContent/Blueprint_Communication/Blueprints/BP_ButtonLight_Bulb_Basic.uasset" 398
"../../../GameJam2K17/Content/FirstPerson/Textures/FirstPersonCrosshair.uasset" 399
"../../../GameJam2K17/Content/FirstPersonBP/Blueprints/FirstPersonHUD.uasset" 400
"../../../GameJam2K17/Content/FirstPersonBP/Blueprints/FirstPersonGameMode.uasset" 401
"../../../GameJam2K17/Content/FirstPersonBP/Maps/FirstPersonExampleMap_BuiltData.uasset" 402
"../../../Engine/Content/Functions/Engine_MaterialFunctions03/Procedurals/ComputeFilterWidth.uasset" 403
"../../../Engine/Content/EngineMaterials/AntiAliasedTextMaterialTranslucent.uasset" 404
"../../../GameJam2K17/Content/FirstPerson/Meshes/CubeMaterialOverride.uasset" 405
"../../../GameJam2K17/Content/FirstPersonBP/Maps/FirstPersonExampleMap.umap" 406
"../../../GameJam2K17/Content/Maps/Lobby.umap" 407
"../../../GameJam2K17/Content/Menus/Textures/starfield.uasset" 408
"../../../GameJam2K17/Content/Menus/OptionsMenu.uasset" 409
"../../../GameJam2K17/Content/Menus/HostMenu.uasset" 410
"../../../GameJam2K17/Content/Menus/LoadingScreen.uasset" 411
"../../../GameJam2K17/Content/Menus/MainMenu.uasset" 412
"../../../GameJam2K17/Content/Menus/ServerMenu.uasset" 413
"../../../GameJam2K17/Content/FirstPersonBP/GameInfoInstance.uasset" 414
"../../../GameJam2K17/Content/Maps/MainMenu.umap" 415
"../../../GameJam2K17/Content/FirstPersonBP/GameWithMenu.uasset" 416
"../../../GameJam2K17/Content/Maps/ResearchFacilityMap_BuiltData.uasset" 417
"../../../GameJam2K17/Content/Assets/51S+pPtReeL.uasset" 418
"../../../GameJam2K17/Content/Assets/51S+pPtReeL_Mat.uasset" 419
"../../../GameJam2K17/Content/Assets/Scrum-Plakat_v2_A1_Version.uasset" 420
"../../../GameJam2K17/Content/Assets/Scrum-Plakat_v2_A1_Version_Mat.uasset" 421
"../../../GameJam2K17/Content/StarterContent/Textures/T_Tech_Panel_M.uasset" 422
"../../../GameJam2K17/Content/StarterContent/Textures/T_Tech_Panel_N.uasset" 423
"../../../GameJam2K17/Content/StarterContent/Materials/M_Tech_Panel.uasset" 424
"../../../GameJam2K17/Content/StarterContent/Textures/T_Perlin_Noise_M.uasset" 425
"../../../GameJam2K17/Content/StarterContent/Textures/T_Wood_Floor_Walnut_D.uasset" 426
"../../../GameJam2K17/Content/StarterContent/Textures/T_Wood_Floor_Walnut_M.uasset" 427
"../../../GameJam2K17/Content/StarterContent/Textures/T_Wood_Floor_Walnut_N.uasset" 428
"../../../GameJam2K17/Content/StarterContent/Materials/M_Wood_Floor_Walnut_Polished.uasset" 429
"../../../GameJam2K17/Content/Maps/ResearchFacilityMap.umap" 430
"../../../GameJam2K17/Content/StarterContent/Materials/M_Metal_Chrome.uasset" 431
"../../../Engine/Content/BasicShapes/Cube.uasset" 432
"../../../GameJam2K17/Content/Assets/SlidingPlatform.uasset" 433
"../../../GameJam2K17/Content/Maps/SlidingPlatforms_BuiltData.uasset" 434
"../../../GameJam2K17/Content/Maps/SlidingPlatforms.umap" 435
